0:0:0:0:0:0:0:1 - - [13/Sep/2023:03:58:52 +0530] "GET /products/2 HTTP/1.1" 200 117
0:0:0:0:0:0:0:1 - - [13/Sep/2023:03:58:56 +0530] "GET /products/1 HTTP/1.1" 500 5682
0:0:0:0:0:0:0:1 - - [13/Sep/2023:03:59:16 +0530] "GET /products HTTP/1.1" 200 333
0:0:0:0:0:0:0:1 - - [13/Sep/2023:03:59:20 +0530] "GET /products/1 HTTP/1.1" 500 5703
0:0:0:0:0:0:0:1 - - [13/Sep/2023:04:00:16 +0530] "GET /products/1 HTTP/1.1" 500 5690
0:0:0:0:0:0:0:1 - - [13/Sep/2023:04:00:27 +0530] "GET /products/2 HTTP/1.1" 200 117
0:0:0:0:0:0:0:1 - - [13/Sep/2023:04:00:31 +0530] "GET /products HTTP/1.1" 200 333
0:0:0:0:0:0:0:1 - - [13/Sep/2023:04:00:41 +0530] "GET /products/1 HTTP/1.1" 500 5711
0:0:0:0:0:0:0:1 - - [13/Sep/2023:04:07:53 +0530] "POST /products HTTP/1.1" 200 116
0:0:0:0:0:0:0:1 - - [13/Sep/2023:04:08:04 +0530] "GET /products HTTP/1.1" 200 333
0:0:0:0:0:0:0:1 - - [13/Sep/2023:04:08:41 +0530] "POST /products HTTP/1.1" 200 117
0:0:0:0:0:0:0:1 - - [13/Sep/2023:04:09:07 +0530] "GET /products HTTP/1.1" 200 334
0:0:0:0:0:0:0:1 - - [13/Sep/2023:04:09:26 +0530] "PUT /products HTTP/1.1" 405 5045
0:0:0:0:0:0:0:1 - - [13/Sep/2023:04:09:32 +0530] "PUT /products/3 HTTP/1.1" 200 117
0:0:0:0:0:0:0:1 - - [13/Sep/2023:04:10:08 +0530] "GET /products/3 HTTP/1.1" 200 117
0:0:0:0:0:0:0:1 - - [13/Sep/2023:04:10:14 +0530] "GET /products HTTP/1.1" 200 334
0:0:0:0:0:0:0:1 - - [13/Sep/2023:04:10:58 +0530] "PUT /products/3 HTTP/1.1" 200 77
0:0:0:0:0:0:0:1 - - [13/Sep/2023:04:11:05 +0530] "GET /products HTTP/1.1" 200 333
0:0:0:0:0:0:0:1 - - [13/Sep/2023:04:11:53 +0530] "PUT /products/3 HTTP/1.1" 200 82
0:0:0:0:0:0:0:1 - - [13/Sep/2023:04:12:01 +0530] "GET /products HTTP/1.1" 200 339
