0:0:0:0:0:0:0:1 - - [12/Sep/2023:02:14:38 +0530] "GET /products HTTP/1.1" 200 224
0:0:0:0:0:0:0:1 - - [12/Sep/2023:02:14:39 +0530] "GET /favicon.ico HTTP/1.1" 404 144
0:0:0:0:0:0:0:1 - - [12/Sep/2023:02:14:54 +0530] "GET /products/1 HTTP/1.1" 200 116
0:0:0:0:0:0:0:1 - - [12/Sep/2023:02:15:04 +0530] "GET /products HTTP/1.1" 200 224
0:0:0:0:0:0:0:1 - - [12/Sep/2023:02:29:04 +0530] "GET /products HTTP/1.1" 200 224
0:0:0:0:0:0:0:1 - - [12/Sep/2023:02:29:27 +0530] "POST /products HTTP/1.1" 415 5045
0:0:0:0:0:0:0:1 - - [12/Sep/2023:02:30:09 +0530] "DELETE /products/1 HTTP/1.1" 200 -
0:0:0:0:0:0:0:1 - - [12/Sep/2023:02:30:16 +0530] "DELETE /products HTTP/1.1" 405 5054
0:0:0:0:0:0:0:1 - - [12/Sep/2023:02:30:21 +0530] "DELETE /products HTTP/1.1" 405 5054
0:0:0:0:0:0:0:1 - - [12/Sep/2023:02:30:33 +0530] "DELETE /products HTTP/1.1" 405 5054
0:0:0:0:0:0:0:1 - - [12/Sep/2023:02:30:46 +0530] "GET /products HTTP/1.1" 200 118
0:0:0:0:0:0:0:1 - - [12/Sep/2023:02:30:57 +0530] "GET /products/1 HTTP/1.1" 500 5779
0:0:0:0:0:0:0:1 - - [12/Sep/2023:02:31:04 +0530] "GET /products/2 HTTP/1.1" 200 116
0:0:0:0:0:0:0:1 - - [12/Sep/2023:02:31:12 +0530] "POST /products/1 HTTP/1.1" 405 5050
0:0:0:0:0:0:0:1 - - [12/Sep/2023:02:31:16 +0530] "POST /products HTTP/1.1" 415 5045
0:0:0:0:0:0:0:1 - - [12/Sep/2023:02:31:36 +0530] "POST /products HTTP/1.1" 415 5045
0:0:0:0:0:0:0:1 - - [12/Sep/2023:02:31:50 +0530] "POST /products HTTP/1.1" 415 5045
0:0:0:0:0:0:0:1 - - [12/Sep/2023:02:32:15 +0530] "POST /products HTTP/1.1" 415 5045
0:0:0:0:0:0:0:1 - - [12/Sep/2023:02:33:45 +0530] "GET /products HTTP/1.1" 200 118
0:0:0:0:0:0:0:1 - - [12/Sep/2023:02:34:09 +0530] "POST /products HTTP/1.1" 415 5064
0:0:0:0:0:0:0:1 - - [12/Sep/2023:02:34:20 +0530] "POST /products HTTP/1.1" 415 5064
0:0:0:0:0:0:0:1 - - [12/Sep/2023:02:34:25 +0530] "GET /products HTTP/1.1" 200 120
0:0:0:0:0:0:0:1 - - [12/Sep/2023:02:34:51 +0530] "GET /products HTTP/1.1" 200 118
0:0:0:0:0:0:0:1 - - [12/Sep/2023:02:34:56 +0530] "POST /products HTTP/1.1" 415 5064
0:0:0:0:0:0:0:1 - - [12/Sep/2023:02:36:49 +0530] "POST /products HTTP/1.1" 415 5202
0:0:0:0:0:0:0:1 - - [12/Sep/2023:17:40:54 +0530] "POST /products HTTP/1.1" 415 5045
0:0:0:0:0:0:0:1 - - [12/Sep/2023:17:50:36 +0530] "POST /products HTTP/1.1" 400 7660
0:0:0:0:0:0:0:1 - - [12/Sep/2023:17:51:12 +0530] "POST /products HTTP/1.1" 500 15036
0:0:0:0:0:0:0:1 - - [12/Sep/2023:17:55:28 +0530] "POST /products HTTP/1.1" 500 15036
0:0:0:0:0:0:0:1 - - [12/Sep/2023:17:58:43 +0530] "POST /products HTTP/1.1" 500 14825
0:0:0:0:0:0:0:1 - - [12/Sep/2023:18:01:03 +0530] "GET /products HTTP/1.1" 200 118
0:0:0:0:0:0:0:1 - - [12/Sep/2023:18:17:51 +0530] "POST /products HTTP/1.1" 500 13860
0:0:0:0:0:0:0:1 - - [12/Sep/2023:18:20:35 +0530] "POST /products HTTP/1.1" 500 13860
0:0:0:0:0:0:0:1 - - [12/Sep/2023:18:35:52 +0530] "POST /products HTTP/1.1" 500 13860
0:0:0:0:0:0:0:1 - - [12/Sep/2023:19:53:21 +0530] "POST /products HTTP/1.1" 200 116
0:0:0:0:0:0:0:1 - - [12/Sep/2023:19:53:32 +0530] "GET /products HTTP/1.1" 200 224
0:0:0:0:0:0:0:1 - - [12/Sep/2023:19:55:36 +0530] "DELETE /products HTTP/1.1" 500 5639
0:0:0:0:0:0:0:1 - - [12/Sep/2023:19:57:03 +0530] "GET /products HTTP/1.1" 200 224
0:0:0:0:0:0:0:1 - - [12/Sep/2023:19:57:10 +0530] "DELETE /products HTTP/1.1" 500 5004
0:0:0:0:0:0:0:1 - - [12/Sep/2023:19:57:23 +0530] "GET /products HTTP/1.1" 200 12
0:0:0:0:0:0:0:1 - - [12/Sep/2023:19:57:26 +0530] "GET /products HTTP/1.1" 200 12
0:0:0:0:0:0:0:1 - - [12/Sep/2023:19:58:00 +0530] "POST /products HTTP/1.1" 200 116
0:0:0:0:0:0:0:1 - - [12/Sep/2023:19:58:26 +0530] "POST /products HTTP/1.1" 200 117
0:0:0:0:0:0:0:1 - - [12/Sep/2023:19:58:33 +0530] "GET /products HTTP/1.1" 200 225
0:0:0:0:0:0:0:1 - - [12/Sep/2023:19:59:06 +0530] "POST /products HTTP/1.1" 200 116
0:0:0:0:0:0:0:1 - - [12/Sep/2023:19:59:15 +0530] "GET /products HTTP/1.1" 200 446
0:0:0:0:0:0:0:1 - - [12/Sep/2023:19:59:38 +0530] "DELETE /products/5 HTTP/1.1" 200 -
0:0:0:0:0:0:0:1 - - [12/Sep/2023:19:59:44 +0530] "GET /products/5 HTTP/1.1" 500 5779
0:0:0:0:0:0:0:1 - - [12/Sep/2023:19:59:50 +0530] "GET /products HTTP/1.1" 200 338
0:0:0:0:0:0:0:1 - - [12/Sep/2023:20:17:53 +0530] "GET /products/4 HTTP/1.1" 200 116
0:0:0:0:0:0:0:1 - - [12/Sep/2023:20:18:52 +0530] "PUT /products/4 HTTP/1.1" 200 117
0:0:0:0:0:0:0:1 - - [12/Sep/2023:20:19:09 +0530] "GET /products/4 HTTP/1.1" 200 117
0:0:0:0:0:0:0:1 - - [12/Sep/2023:20:19:15 +0530] "GET /products HTTP/1.1" 200 333
